This is pdfTeXk, Version 3.141592-1.40.3 (Web2C 7.5.6) (format=latex 2009.6.12)  2 OCT 2009 17:41
entering extended mode
 Source specials enabled.
 %&-line parsing enabled.
**Programfinal09.tex
(./Programfinal09.tex
LaTeX2e <2005/12/01>
Babel <v3.8h> and hyphenation patterns for english, usenglishmax, dumylang, noh
yphenation, ukrainian, russian, bulgarian, loaded.
(/usr/share/texmf-texlive/tex/latex/base/article.cls
Document Class: article 2005/09/16 v1.4f Standard LaTeX document class
(/usr/share/texmf-texlive/tex/latex/base/size10.clo
File: size10.clo 2005/09/16 v1.4f Standard LaTeX file (size option)
)
\c@part=\count79
\c@section=\count80
\c@subsection=\count81
\c@subsubsection=\count82
\c@paragraph=\count83
\c@subparagraph=\count84
\c@figure=\count85
\c@table=\count86
\abovecaptionskip=\skip41
\belowcaptionskip=\skip42
\bibindent=\dimen102
) (./Programfinal09.aux)
\openout1 = `Programfinal09.aux'.

LaTeX Font Info:    Checking defaults for OML/cmm/m/it on input line 31.
LaTeX Font Info:    ... okay on input line 31.
LaTeX Font Info:    Checking defaults for T1/cmr/m/n on input line 31.
LaTeX Font Info:    ... okay on input line 31.
LaTeX Font Info:    Checking defaults for OT1/cmr/m/n on input line 31.
LaTeX Font Info:    ... okay on input line 31.
LaTeX Font Info:    Checking defaults for OMS/cmsy/m/n on input line 31.
LaTeX Font Info:    ... okay on input line 31.
LaTeX Font Info:    Checking defaults for OMX/cmex/m/n on input line 31.
LaTeX Font Info:    ... okay on input line 31.
LaTeX Font Info:    Checking defaults for U/cmr/m/n on input line 31.
LaTeX Font Info:    ... okay on input line 31.
LaTeX Font Info:    External font `cmex10' loaded for size
(Font)              <7> on input line 60.
LaTeX Font Info:    External font `cmex10' loaded for size
(Font)              <5> on input line 60.

Overfull \hbox (27.46236pt too wide) in paragraph at lines 58--112
|  []
 []


Overfull \hbox (3.55893pt too wide) in paragraph at lines 58--112
[]
 []


Overfull \hbox (27.46236pt too wide) in paragraph at lines 58--112
|  []
 []


Overfull \hbox (27.46236pt too wide) in paragraph at lines 58--112
|  [] 
 []

[1

]
Overfull \hbox (16.49019pt too wide) in paragraph at lines 146--161
|  [] 
 []


Overfull \hbox (42.46236pt too wide) in paragraph at lines 162--166
[][]|  [] 
 []

[2] (./Programfinal09.aux) )
(\end occurred inside a group at level 5)

### simple group (level 5) entered at line 162 ({)
### simple group (level 4) entered at line 147 ({)
### simple group (level 3) entered at line 101 ({)
### simple group (level 2) entered at line 92 ({)
### simple group (level 1) entered at line 79 ({)
### bottom level 
Here is how much of TeX's memory you used:
 219 strings out of 94835
 2333 string characters out of 1179204
 53689 words of memory out of 1500000
 3486 multiletter control sequences out of 10000+50000
 5210 words of font info for 19 fonts, out of 1200000 for 2000
 212 hyphenation exceptions out of 8191
 23i,9n,19p,198b,179s stack positions out of 5000i,500n,6000p,200000b,5000s

Output written on Programfinal09.dvi (2 pages, 6148 bytes).
